2021-06-09 16:00:43 INFO  Listners:31 - starting Test Case: findPets
2021-06-09 16:00:43 INFO  FindPetsTest:35 - fetching all pets in available status
2021-06-09 16:00:43 INFO  RequestWrapper:50 - Performing GET on end point : pet/findByStatus
2021-06-09 16:00:45 INFO  Utilities:50 - Current file loading : /home/runner/work/Swagger_Petstore_Java/Swagger_Petstore_Java/src/main/resources/config/config.properties
2021-06-09 16:00:45 TRACE RequestWrapper:87 - Request method:	GET
2021-06-09 16:00:45 TRACE RequestWrapper:87 - Request URI:	https://petstore3.swagger.io/api/v3/pet/findByStatus?status=available
2021-06-09 16:00:45 TRACE RequestWrapper:87 - Proxy:			<none>
2021-06-09 16:00:45 TRACE RequestWrapper:87 - Request params:	<none>
2021-06-09 16:00:45 TRACE RequestWrapper:87 - Query params:	status=available
2021-06-09 16:00:45 TRACE RequestWrapper:87 - Form params:	<none>
2021-06-09 16:00:45 TRACE RequestWrapper:87 - Path params:	<none>
2021-06-09 16:00:45 TRACE RequestWrapper:87 - Headers:		Accept=application/json
2021-06-09 16:00:45 TRACE RequestWrapper:87 - 				Content-Type=application/json; charset=UTF-8
2021-06-09 16:00:45 TRACE RequestWrapper:87 - Cookies:		<none>
2021-06-09 16:00:45 TRACE RequestWrapper:87 - Multiparts:		<none>
2021-06-09 16:00:45 TRACE RequestWrapper:87 - Body:			<none>
2021-06-09 16:00:46 DEBUG RequestWrapper:53 - Response: [{"id":999999,"category":{"id":1,"name":"Dogs"},"name":"99999doggie","photoUrls":["string"],"tags":[{"id":0,"name":"string"}],"status":"available"},{"id":492,"category":{"id":1,"name":"Dogs"},"name":"doggie","photoUrls":["string"],"tags":[{"id":0,"name":"string"}],"status":"available"},{"id":626,"category":{"id":1,"name":"Dogs"},"name":"Baboop","photoUrls":["string"],"tags":[{"id":0,"name":"string"}],"status":"available"},{"id":155,"category":{"id":1,"name":"Dogs"},"name":"wim","photoUrls":["string"],"tags":[{"id":0,"name":"string"}],"status":"available"},{"id":383,"category":{"id":5,"name":"Cat"},"name":"tiger","photoUrls":["string"],"tags":[{"id":0,"name":"string"}],"status":"available"},{"id":378,"category":{"id":8,"name":"Dodo's"},"name":"doggie","photoUrls":["string"],"tags":[{"id":0,"name":"string"}],"status":"available"},{"id":516,"category":{"id":1,"name":"Dogs"},"name":"doggie","photoUrls":["string"],"tags":[{"id":0,"name":"string"}],"status":"available"},{"id":482,"category":{"id":1,"name":"Dogs"},"name":"doggie","photoUrls":["string"],"tags":[{"id":0,"name":"string"}],"status":"available"},{"id":768,"category":{"id":1,"name":"Dogs"},"name":"doggie","photoUrls":["string"],"tags":[{"id":0,"name":"string"}],"status":"available"},{"id":398,"category":{"id":1,"name":"Dogs"},"name":"99999doggie","photoUrls":["string"],"tags":[{"id":0,"name":"string"}],"status":"available"},{"id":946,"category":{"id":1,"name":"Dogs"},"name":"doggie","photoUrls":["string"],"tags":[{"id":0,"name":"string"}],"status":"available"},{"id":754,"category":{"id":1,"name":"Dogs"},"name":"Baboop","photoUrls":["string"],"tags":[{"id":0,"name":"string"}],"status":"available"},{"id":9,"category":{"id":1,"name":"Dogs"},"name":"99999doggie","photoUrls":["string"],"tags":[{"id":0,"name":"string"}],"status":"available"},{"id":615,"category":{"id":5,"name":"Cat"},"name":"tiger","photoUrls":["string"],"tags":[{"id":0,"name":"string"}],"status":"available"},{"id":539,"category":{"id":1,"name":"Dogs"},"name":"wim","photoUrls":["string"],"tags":[{"id":0,"name":"string"}],"status":"available"},{"id":216,"category":{"id":1,"name":"Dogs"},"name":"99999doggie","photoUrls":["string"],"tags":[{"id":0,"name":"string"}],"status":"available"},{"id":380,"category":{"id":8,"name":"Dodo's"},"name":"doggie","photoUrls":["string"],"tags":[{"id":0,"name":"string"}],"status":"available"},{"id":605,"category":{"id":1,"name":"Dogs"},"name":"wim","photoUrls":["string"],"tags":[{"id":0,"name":"string"}],"status":"available"},{"id":4993,"category":{"id":1,"name":"Dogs"},"name":"doggie","photoUrls":["string"],"tags":[{"id":0,"name":"string"}],"status":"available"},{"id":201,"category":{"id":1,"name":"Dogs"},"name":"99999doggie","photoUrls":["string"],"tags":[{"id":0,"name":"string"}],"status":"available"},{"id":5252,"category":{"id":1,"name":"Dogs"},"name":"doggie","photoUrls":["string"],"tags":[{"id":0,"name":"string"}],"status":"available"},{"id":863,"category":{"id":1,"name":"Dogs"},"name":"wim","photoUrls":["string"],"tags":[{"id":0,"name":"string"}],"status":"available"},{"id":611,"category":{"id":8,"name":"Dodo's"},"name":"doggie","photoUrls":["string"],"tags":[{"id":0,"name":"string"}],"status":"available"},{"id":400,"category":{"id":1,"name":"Dogs"},"name":"wim","photoUrls":["string"],"tags":[{"id":0,"name":"string"}],"status":"available"},{"id":1980,"category":{"id":1,"name":"Dogs"},"name":"doggie","photoUrls":["string"],"tags":[{"id":0,"name":"string"}],"status":"available"},{"id":3602,"category":{"id":1,"name":"Dogs"},"name":"doggie","photoUrls":["string"],"tags":[{"id":0,"name":"string"}],"status":"available"},{"id":648,"category":{"id":1,"name":"Dogs"},"name":"DKOcat","photoUrls":["string"],"tags":[{"id":0,"name":"string"}],"status":"available"},{"id":61,"category":{"id":1,"name":"Dogs"},"name":"DKOcat","photoUrls":["string"],"tags":[{"id":0,"name":"string"}],"status":"available"},{"id":99999,"category":{"id":1,"name":"Dogs"},"name":"doggie","photoUrls":["string"],"tags":[{"id":0,"name":"string"}],"status":"available"},{"id":5990,"category":{"id":1,"name":"Dogs"},"name":"lyLcat","photoUrls":["string"],"tags":[{"id":0,"name":"string"}],"status":"available"},{"id":199,"category":{"id":8,"name":"Dodo's"},"name":"doggie","photoUrls":["string"],"tags":[{"id":0,"name":"string"}],"status":"available"},{"id":864,"category":{"id":8,"name":"Dodo's"},"name":"doggie","photoUrls":["string"],"tags":[{"id":0,"name":"string"}],"status":"available"},{"id":823,"category":{"id":8,"name":"Dodo's"},"name":"doggie","photoUrls":["string"],"tags":[{"id":0,"name":"string"}],"status":"available"},{"id":200,"category":{"id":8,"name":"Dodo's"},"name":"doggie","photoUrls":["string"],"tags":[{"id":0,"name":"string"}],"status":"available"},{"id":437,"category":{"id":8,"name":"Dodo's"},"name":"doggie","photoUrls":["string"],"tags":[{"id":0,"name":"string"}],"status":"available"},{"id":261,"category":{"id":8,"name":"Dodo's"},"name":"doggie","photoUrls":["string"],"tags":[{"id":0,"name":"string"}],"status":"available"},{"id":439,"category":{"id":8,"name":"Dodo's"},"name":"doggie","photoUrls":["string"],"tags":[{"id":0,"name":"string"}],"status":"available"},{"id":480,"category":{"id":8,"name":"Dodo's"},"name":"doggie","photoUrls":["string"],"tags":[{"id":0,"name":"string"}],"status":"available"},{"id":7,"category":{"id":8,"name":"Dodo's"},"name":"doggie","photoUrls":["string"],"tags":[{"id":0,"name":"string"}],"status":"available"},{"id":226,"category":{"id":5,"name":"Cat"},"name":"tiger","photoUrls":["string"],"tags":[{"id":0,"name":"string"}],"status":"available"},{"id":891,"category":{"id":1,"name":"Dogs"},"name":"wim","photoUrls":["string"],"tags":[{"id":0,"name":"string"}],"status":"available"},{"id":136,"category":{"id":1,"name":"Dogs"},"name":"doggie","photoUrls":["string"],"tags":[{"id":0,"name":"string"}],"status":"available"},{"id":358,"category":{"id":8,"name":"Dodo's"},"name":"doggie","photoUrls":["string"],"tags":[{"id":0,"name":"string"}],"status":"available"},{"id":616,"category":{"id":1,"name":"Dogs"},"name":"wim","photoUrls":["string"],"tags":[{"id":0,"name":"string"}],"status":"available"},{"id":665,"category":{"id":1,"name":"Dogs"},"name":"wim","photoUrls":["string"],"tags":[{"id":0,"name":"string"}],"status":"available"},{"id":948,"category":{"id":1,"name":"Dogs"},"name":"wim","photoUrls":["string"],"tags":[{"id":0,"name":"string"}],"status":"available"},{"id":618,"category":{"id":1,"name":"Dogs"},"name":"wim","photoUrls":["string"],"tags":[{"id":0,"name":"string"}],"status":"available"},{"id":742,"category":{"id":1,"name":"Dogs"},"name":"wim","photoUrls":["string"],"tags":[{"id":0,"name":"string"}],"status":"available"},{"id":120,"category":{"id":8,"name":"Dodo's"},"name":"doggie","photoUrls":["string"],"tags":[{"id":0,"name":"string"}],"status":"available"},{"id":323,"category":{"id":1,"name":"Dogs"},"name":"wim","photoUrls":["string"],"tags":[{"id":0,"name":"string"}],"status":"available"},{"id":535,"category":{"id":1,"name":"Dogs"},"name":"Baboop","photoUrls":["string"],"tags":[{"id":0,"name":"string"}],"status":"available"},{"id":112,"category":{"id":1,"name":"Dogs"},"name":"doggie","photoUrls":["string"],"tags":[{"id":0,"name":"string"}],"status":"available"},{"id":1942,"category":{"id":1,"name":"Dogs"},"name":"fdbdog","photoUrls":["string"],"tags":[{"id":0,"name":"string"}],"status":"available"},{"id":87146,"category":{"id":8,"name":"Dodo's"},"name":"lyLcat","photoUrls":["string"],"tags":[{"id":0,"name":"string"}],"status":"available"},{"id":67659,"category":{"id":8,"name":"Dodo's"},"name":"doggie","photoUrls":["string"],"tags":[{"id":0,"name":"string"}],"status":"available"},{"id":77545,"category":{"id":8,"name":"Dodo's"},"name":"wim","photoUrls":["string"],"tags":[{"id":0,"name":"string"}],"status":"available"},{"id":96085,"category":{"id":1,"name":"Dogs"},"name":"Dog 2","photoUrls":["string"],"tags":[{"id":0,"name":"string"}],"status":"available"},{"id":5555,"category":{"id":8,"name":"Dodo's"},"name":"doggie","photoUrls":["string"],"tags":[{"id":0,"name":"string"}],"status":"available"},{"id":964,"category":{"id":1,"name":"Dogs"},"name":"doggie","photoUrls":["string"],"tags":[{"id":0,"name":"string"}],"status":"available"},{"id":100,"category":{"id":1,"name":"Dogs"},"name":"doggie","photoUrls":["string"],"tags":[{"id":0,"name":"string"}],"status":"available"},{"id":222,"category":{"id":1,"name":"Dogs"},"name":"puppy","photoUrls":["string"],"tags":[{"id":0,"name":"string"}],"status":"available"},{"id":999,"category":{"id":1,"name":"Dogs"},"name":"puppy","photoUrls":["photo"],"tags":[{"id":0,"name":"string"}],"status":"available"},{"id":12345,"category":{"id":1,"name":"Dogs"},"name":"wim","photoUrls":["string"],"tags":[{"id":0,"name":"string"}],"status":"available"},{"id":43925,"category":{"id":1,"name":"Dogs"},"name":"doggie","photoUrls":["photo"],"tags":[{"id":0,"name":"string"}],"status":"available"},{"id":12433,"category":{"id":1,"name":"Dogs"},"name":"doggie","photoUrls":["string"],"tags":[{"id":0,"name":"string"}],"status":"available"},{"id":49499,"category":{"id":2,"name":"Cats"},"name":"doggie","photoUrls":["string"],"tags":[{"id":0,"name":"string"}],"status":"available"},{"id":15152,"category":{"id":1,"name":"Dogs"},"name":"wim","photoUrls":["string"],"tags":[{"id":0,"name":"string"}],"status":"available"},{"id":3,"category":{"id":1,"name":"Dogs"},"name":"Micky","photoUrls":["string"],"tags":[{"id":0,"name":"string"}],"status":"available"},{"id":64489,"category":{"id":1,"name":"Dogs"},"name":"99999doggie","photoUrls":["https://image3"],"tags":[{"id":0,"name":"string"}],"status":"available"},{"id":165,"category":{"id":8,"name":"Dodo's"},"name":"Baboop","photoUrls":["string"],"tags":[{"id":0,"name":"string"}],"status":"available"},{"id":14,"name":"Catty","photoUrls":[],"tags":[],"status":"available"},{"id":8120,"name":"Snappy_openAPI","photoUrls":["https://petstore3.swagger.io/resources/photos/623389095.jpg"],"tags":[],"status":"available"},{"id":20,"category":{"id":1,"name":"Dogs"},"name":"kutta","photoUrls":["string"],"tags":[{"id":0,"name":"string"}],"status":"available"},{"id":21,"category":{"id":1,"name":"Dogs"},"name":"kuttia","photoUrls":["string"],"tags":[{"id":0,"name":"string"}],"status":"available"},{"id":22,"category":{"id":1,"name":"Dogs"},"name":"chutiya","photoUrls":["string"],"tags":[{"id":0,"name":"string"}],"status":"available"},{"id":103,"category":{"id":1,"name":"Dogs"},"name":"do333ggie","photoUrls":["string"],"tags":[{"id":0,"name":"string"}],"status":"available"},{"id":603,"category":{"id":8,"name":"Dodo's"},"name":"doggie","photoUrls":["string"],"tags":[{"id":0,"name":"string"}],"status":"available"},{"id":583,"category":{"id":8,"name":"Dodo's"},"name":"doggie","photoUrls":["string"],"tags":[{"id":0,"name":"string"}],"status":"available"},{"id":86,"category":{"id":8,"name":"Dodo's"},"name":"doggie","photoUrls":["string"],"tags":[{"id":0,"name":"string"}],"status":"available"},{"id":560,"category":{"id":8,"name":"Dodo's"},"name":"doggie","photoUrls":["string"],"tags":[{"id":0,"name":"string"}],"status":"available"},{"id":54,"category":{"id":8,"name":"Dodo's"},"name":"doggie","photoUrls":["string"],"tags":[{"id":0,"name":"string"}],"status":"available"},{"id":824,"category":{"id":8,"name":"Dodo's"},"name":"doggie","photoUrls":["string"],"tags":[{"id":0,"name":"string"}],"status":"available"},{"id":391,"category":{"id":8,"name":"Dodo's"},"name":"doggie","photoUrls":["string"],"tags":[{"id":0,"name":"string"}],"status":"available"},{"id":918,"category":{"id":8,"name":"Dodo's"},"name":"doggie","photoUrls":["string"],"tags":[{"id":0,"name":"string"}],"status":"available"},{"id":870,"category":{"id":8,"name":"Dodo's"},"name":"doggie","photoUrls":["string"],"tags":[{"id":0,"name":"string"}],"status":"available"},{"id":442,"category":{"id":8,"name":"Dodo's"},"name":"doggie","photoUrls":["string"],"tags":[{"id":0,"name":"string"}],"status":"available"},{"id":528,"category":{"id":8,"name":"Dodo's"},"name":"doggie","photoUrls":["string"],"tags":[{"id":0,"name":"string"}],"status":"available"},{"id":41,"category":{"id":8,"name":"Dodo's"},"name":"doggie","photoUrls":["string"],"tags":[{"id":0,"name":"string"}],"status":"available"},{"id":419,"category":{"id":8,"name":"Dodo's"},"name":"doggie","photoUrls":["string"],"tags":[{"id":0,"name":"string"}],"status":"available"},{"id":766,"category":{"id":8,"name":"Dodo's"},"name":"doggie","photoUrls":["string"],"tags":[{"id":0,"name":"string"}],"status":"available"},{"id":757,"category":{"id":8,"name":"Dodo's"},"name":"doggie","photoUrls":["string"],"tags":[{"id":0,"name":"string"}],"status":"available"},{"id":744267,"name":"Micky","photoUrls":["https://image1 "," https://image2"],"tags":[{"id":91,"name":"Good"},{"id":61,"name":"Funny"}],"status":"available"},{"id":-10,"category":{"id":1,"name":"Dogs"},"photoUrls":["string"],"tags":[{"id":0,"name":"string"}],"status":"available"},{"id":10173,"category":{"id":2,"name":"Dogs"},"name":"doggy3","photoUrls":["string"],"tags":[{"id":0,"name":"string"}],"status":"available"},{"id":867,"photoUrls":[],"tags":[],"status":"available"},{"id":68257,"photoUrls":[],"tags":[],"status":"available"},{"id":8,"name":"Cupcake","photoUrls":["https://petstore3.swagger.io/resources/photos/623389095.jpg"],"tags":[],"status":"available"},{"id":325,"category":{"id":325,"name":"OpenAPI30"},"name":"OpenAPI30","photoUrls":["string"],"tags":[{"id":325,"name":"OpenAPI30"}],"status":"available"},{"id":1000,"category":{"id":1,"name":"Dogs"},"name":"doggo","photoUrls":["string"],"tags":[{"id":0,"name":"Funny"}],"status":"available"},{"id":8283424828,"category":{"id":1,"name":"dogs"},"name":"Okeechobee","photoUrls":["https://www.gannett-cdn.com/presto/2019/11/18/USAT/8a460703-f390-4290-a27a-c6ed44b811a3-16X9.png?width=660&height=372&fit=crop&format=pjpg&auto=webp"],"tags":[{"id":1,"name":"semoyedo"}],"status":"available"}]
2021-06-09 16:00:47 DEBUG FindPetsTest:42 - status code returned is :200
2021-06-09 16:00:47 FATAL FindPetsTest:52 - Response time was more than expected. Response time was :1110
2021-06-09 16:00:48 INFO  FindPetsTest:80 - The pet name Lion was not found
2021-06-09 16:00:48 DEBUG FindPetsTest:87 - content-type header is :application/json
2021-06-09 16:00:49 DEBUG FindPetsTest:92 - The response Json Schema is valid
2021-06-09 16:00:49 DEBUG Listners:40 - Test Passed
2021-06-09 16:00:49 INFO  Listners:31 - starting Test Case: findPets
2021-06-09 16:00:49 INFO  FindPetsTest:35 - fetching all pets in pending status
2021-06-09 16:00:49 INFO  RequestWrapper:50 - Performing GET on end point : pet/findByStatus
2021-06-09 16:00:49 TRACE RequestWrapper:87 - Request method:	GET
2021-06-09 16:00:49 TRACE RequestWrapper:87 - Request URI:	https://petstore3.swagger.io/api/v3/pet/findByStatus?status=pending
2021-06-09 16:00:49 TRACE RequestWrapper:87 - Proxy:			<none>
2021-06-09 16:00:49 TRACE RequestWrapper:87 - Request params:	<none>
2021-06-09 16:00:49 TRACE RequestWrapper:87 - Query params:	status=pending
2021-06-09 16:00:49 TRACE RequestWrapper:87 - Form params:	<none>
2021-06-09 16:00:49 TRACE RequestWrapper:87 - Path params:	<none>
2021-06-09 16:00:49 TRACE RequestWrapper:87 - Headers:		Accept=application/json
2021-06-09 16:00:49 TRACE RequestWrapper:87 - 				Content-Type=application/json; charset=UTF-8
2021-06-09 16:00:49 TRACE RequestWrapper:87 - Cookies:		<none>
2021-06-09 16:00:49 TRACE RequestWrapper:87 - Multiparts:		<none>
2021-06-09 16:00:49 TRACE RequestWrapper:87 - Body:			<none>
2021-06-09 16:00:49 DEBUG RequestWrapper:53 - Response: [{"id":4146,"category":{"id":1,"name":"Dogs"},"name":"Azocat","photoUrls":["string"],"tags":[{"id":0,"name":"string"}],"status":"pending"},{"id":5465,"category":{"id":1,"name":"Dogs"},"name":"wim","photoUrls":["string"],"tags":[{"id":0,"name":"string"}],"status":"pending"},{"id":657,"category":{"id":1,"name":"Dogs"},"name":"wim","photoUrls":["string"],"tags":[{"id":0,"name":"string"}],"status":"pending"},{"id":45067,"category":{"id":1,"name":"Dogs"},"name":"Baboop","photoUrls":["url1","url2"],"tags":[{"id":0,"name":"string"}],"status":"pending"},{"id":26553,"category":{"id":8,"name":"Dodo's"},"name":"doggie","photoUrls":["string"],"tags":[{"id":0,"name":"string"}],"status":"pending"},{"id":15,"category":{"id":6,"name":"Lions"},"name":"scar","photoUrls":["string"],"tags":[{"id":0,"name":"string"}],"status":"pending"},{"id":47915,"category":{"id":6,"name":"Lions"},"name":"nala","photoUrls":["string"],"tags":[{"id":0,"name":"string"}],"status":"pending"},{"id":77528,"category":{"id":6,"name":"Lions"},"name":"simba","photoUrls":["string"],"tags":[{"id":0,"name":"string"}],"status":"pending"},{"id":10,"category":{"id":0,"name":"fuzzstring"},"name":"doggie","photoUrls":["fuzzstring"],"tags":[{"id":0,"name":"fuzzstring"}],"status":"pending"}]
2021-06-09 16:00:49 DEBUG FindPetsTest:42 - status code returned is :200
2021-06-09 16:00:49 FATAL FindPetsTest:52 - Response time was more than expected. Response time was :226
2021-06-09 16:00:49 INFO  FindPetsTest:65 - 5
2021-06-09 16:00:49 INFO  FindPetsTest:69 - pet found: Lions
2021-06-09 16:00:49 INFO  FindPetsTest:70 - pet category id is: 6
2021-06-09 16:00:49 INFO  FindPetsTest:71 - pet id is: 15
2021-06-09 16:00:49 INFO  FindPetsTest:72 - pet name is: scar
2021-06-09 16:00:49 INFO  FindPetsTest:65 - 6
2021-06-09 16:00:49 INFO  FindPetsTest:69 - pet found: Lions
2021-06-09 16:00:49 INFO  FindPetsTest:70 - pet category id is: 6
2021-06-09 16:00:49 INFO  FindPetsTest:71 - pet id is: 47915
2021-06-09 16:00:49 INFO  FindPetsTest:72 - pet name is: nala
2021-06-09 16:00:49 INFO  FindPetsTest:65 - 7
2021-06-09 16:00:49 INFO  FindPetsTest:69 - pet found: Lions
2021-06-09 16:00:49 INFO  FindPetsTest:70 - pet category id is: 6
2021-06-09 16:00:49 INFO  FindPetsTest:71 - pet id is: 77528
2021-06-09 16:00:49 INFO  FindPetsTest:72 - pet name is: simba
2021-06-09 16:00:49 DEBUG FindPetsTest:87 - content-type header is :application/json
2021-06-09 16:00:49 DEBUG FindPetsTest:92 - The response Json Schema is valid
2021-06-09 16:00:49 DEBUG Listners:40 - Test Passed
2021-06-09 16:00:49 INFO  Listners:31 - starting Test Case: findPets
2021-06-09 16:00:49 INFO  FindPetsTest:35 - fetching all pets in sold status
2021-06-09 16:00:49 INFO  RequestWrapper:50 - Performing GET on end point : pet/findByStatus
2021-06-09 16:00:49 TRACE RequestWrapper:87 - Request method:	GET
2021-06-09 16:00:49 TRACE RequestWrapper:87 - Request URI:	https://petstore3.swagger.io/api/v3/pet/findByStatus?status=sold
2021-06-09 16:00:49 TRACE RequestWrapper:87 - Proxy:			<none>
2021-06-09 16:00:49 TRACE RequestWrapper:87 - Request params:	<none>
2021-06-09 16:00:49 TRACE RequestWrapper:87 - Query params:	status=sold
2021-06-09 16:00:49 TRACE RequestWrapper:87 - Form params:	<none>
2021-06-09 16:00:49 TRACE RequestWrapper:87 - Path params:	<none>
2021-06-09 16:00:49 TRACE RequestWrapper:87 - Headers:		Accept=application/json
2021-06-09 16:00:49 TRACE RequestWrapper:87 - 				Content-Type=application/json; charset=UTF-8
2021-06-09 16:00:49 TRACE RequestWrapper:87 - Cookies:		<none>
2021-06-09 16:00:49 TRACE RequestWrapper:87 - Multiparts:		<none>
2021-06-09 16:00:49 TRACE RequestWrapper:87 - Body:			<none>
2021-06-09 16:00:49 DEBUG RequestWrapper:53 - Response: [{"id":12,"category":{"id":6,"name":"Lions"},"name":"sarabi","photoUrls":["string"],"tags":[{"id":0,"name":"string"}],"status":"sold"},{"id":11,"category":{"id":6,"name":"Lions"},"name":"mufasa","photoUrls":["string"],"tags":[{"id":0,"name":"string"}],"status":"sold"}]
2021-06-09 16:00:49 DEBUG FindPetsTest:42 - status code returned is :200
2021-06-09 16:00:49 FATAL FindPetsTest:52 - Response time was more than expected. Response time was :214
2021-06-09 16:00:49 INFO  FindPetsTest:65 - 0
2021-06-09 16:00:49 INFO  FindPetsTest:69 - pet found: Lions
2021-06-09 16:00:49 INFO  FindPetsTest:70 - pet category id is: 6
2021-06-09 16:00:49 INFO  FindPetsTest:71 - pet id is: 12
2021-06-09 16:00:49 INFO  FindPetsTest:72 - pet name is: sarabi
2021-06-09 16:00:49 INFO  FindPetsTest:65 - 1
2021-06-09 16:00:50 INFO  FindPetsTest:69 - pet found: Lions
2021-06-09 16:00:50 INFO  FindPetsTest:70 - pet category id is: 6
2021-06-09 16:00:50 INFO  FindPetsTest:71 - pet id is: 11
2021-06-09 16:00:50 INFO  FindPetsTest:72 - pet name is: mufasa
2021-06-09 16:00:50 DEBUG FindPetsTest:87 - content-type header is :application/json
2021-06-09 16:00:50 DEBUG FindPetsTest:92 - The response Json Schema is valid
2021-06-09 16:00:50 DEBUG Listners:40 - Test Passed
